host: d419
Building DAG of jobs...
Using shell: /usr/bin/bash
Provided cores: 30
Rules claiming more threads will be scaled down.
Job stats:
job                                        count
---------------------------------------  -------
align_with_STAR                                2
star_single_end_chimeric_reads_to_pairs        2
star_single_end_ligation                       2
star_single_end_remove_duplicates              2
targets_all                                    1
total                                          9

Select jobs to execute...
Execute 2 jobs...

[Sun Apr 13 20:23:35 2025]
localrule align_with_STAR:
    input: ../../data/GSE166155/fq/SRR13628279.fastq.gz
    output: ../../output/bam/mouse/SRR13628279/SRR13628279_Aligned.sortedByCoord.out.bam, ../../output/bam/mouse/SRR13628279/SRR13628279_Chimeric.out.sam
    log: ../../output/log/mouse/SRR13628279/STAR.log
    jobid: 4
    reason: Missing output files: ../../output/bam/mouse/SRR13628279/SRR13628279_Chimeric.out.sam, ../../output/bam/mouse/SRR13628279/SRR13628279_Aligned.sortedByCoord.out.bam
    wildcards: genome=mouse, sample=SRR13628279
    threads: 15
    resources: tmpdir=/tmp


[Sun Apr 13 20:23:36 2025]
localrule align_with_STAR:
    input: ../../data/GSE166155/fq/SRR13628278.fastq.gz
    output: ../../output/bam/mouse/SRR13628278/SRR13628278_Aligned.sortedByCoord.out.bam, ../../output/bam/mouse/SRR13628278/SRR13628278_Chimeric.out.sam
    log: ../../output/log/mouse/SRR13628278/STAR.log
    jobid: 8
    reason: Missing output files: ../../output/bam/mouse/SRR13628278/SRR13628278_Chimeric.out.sam, ../../output/bam/mouse/SRR13628278/SRR13628278_Aligned.sortedByCoord.out.bam
    wildcards: genome=mouse, sample=SRR13628278
    threads: 15
    resources: tmpdir=/tmp

[Sun Apr 13 21:19:02 2025]
Finished job 8.
1 of 9 steps (11%) done
Select jobs to execute...
Execute 1 jobs...

[Sun Apr 13 21:19:02 2025]
localrule star_single_end_chimeric_reads_to_pairs:
    input: ../../output/bam/mouse/SRR13628278/SRR13628278_Aligned.sortedByCoord.out.bam, ../../output/bam/mouse/SRR13628278/SRR13628278_Chimeric.out.sam
    output: ../../output/chimeric/pairs/mouse/SRR13628278/SRR13628278.txt.gz
    log: ../../output/log/mouse/SRR13628278/star_single_end_chimeric_reads_to_pairs.log
    jobid: 7
    reason: Missing output files: ../../output/chimeric/pairs/mouse/SRR13628278/SRR13628278.txt.gz; Input files updated by another job: ../../output/bam/mouse/SRR13628278/SRR13628278_Chimeric.out.sam, ../../output/bam/mouse/SRR13628278/SRR13628278_Aligned.sortedByCoord.out.bam
    wildcards: genome=mouse, sample=SRR13628278
    threads: 4
    resources: tmpdir=/tmp

Activating conda environment: ../../../../../home/luosg/miniconda3/envs/KARRseq
[Sun Apr 13 21:22:41 2025]
Finished job 4.
2 of 9 steps (22%) done
Select jobs to execute...
Execute 1 jobs...

[Sun Apr 13 21:22:41 2025]
localrule star_single_end_chimeric_reads_to_pairs:
    input: ../../output/bam/mouse/SRR13628279/SRR13628279_Aligned.sortedByCoord.out.bam, ../../output/bam/mouse/SRR13628279/SRR13628279_Chimeric.out.sam
    output: ../../output/chimeric/pairs/mouse/SRR13628279/SRR13628279.txt.gz
    log: ../../output/log/mouse/SRR13628279/star_single_end_chimeric_reads_to_pairs.log
    jobid: 3
    reason: Missing output files: ../../output/chimeric/pairs/mouse/SRR13628279/SRR13628279.txt.gz; Input files updated by another job: ../../output/bam/mouse/SRR13628279/SRR13628279_Chimeric.out.sam, ../../output/bam/mouse/SRR13628279/SRR13628279_Aligned.sortedByCoord.out.bam
    wildcards: genome=mouse, sample=SRR13628279
    threads: 4
    resources: tmpdir=/tmp

Activating conda environment: ../../../../../home/luosg/miniconda3/envs/KARRseq
[Sun Apr 13 21:25:16 2025]
Finished job 7.
3 of 9 steps (33%) done
Select jobs to execute...
Execute 1 jobs...

[Sun Apr 13 21:25:16 2025]
localrule star_single_end_remove_duplicates:
    input: ../../output/chimeric/pairs/mouse/SRR13628278/SRR13628278.txt.gz
    output: ../../output/chimeric/pairs/mouse/SRR13628278/SRR13628278.dedup.txt.gz, ../../output/chimeric/pairs/mouse/SRR13628278/SRR13628278.dedup.bed, ../../output/chimeric/pairs/mouse/SRR13628278/SRR13628278.dedup.pairs.gz
    log: ../../output/log/mouse/SRR13628278/star_single_end_remove_duplicates.log
    jobid: 6
    reason: Missing output files: ../../output/chimeric/pairs/mouse/SRR13628278/SRR13628278.dedup.txt.gz; Input files updated by another job: ../../output/chimeric/pairs/mouse/SRR13628278/SRR13628278.txt.gz
    wildcards: genome=mouse, sample=SRR13628278
    resources: tmpdir=/tmp

Activating conda environment: ../../../../../home/luosg/miniconda3/envs/KARRseq
[Sun Apr 13 21:27:54 2025]
Finished job 6.
4 of 9 steps (44%) done
Select jobs to execute...
Execute 1 jobs...

[Sun Apr 13 21:27:54 2025]
localrule star_single_end_ligation:
    input: ../../output/chimeric/pairs/mouse/SRR13628278/SRR13628278.dedup.txt.gz
    output: ../../output/chimeric/inner/mouse/SRR13628278/SRR13628278.dedup.pairs.gz
    log: ../../output/log/mouse/SRR13628278/star_single_end_ligation.log
    jobid: 5
    reason: Missing output files: ../../output/chimeric/inner/mouse/SRR13628278/SRR13628278.dedup.pairs.gz; Input files updated by another job: ../../output/chimeric/pairs/mouse/SRR13628278/SRR13628278.dedup.txt.gz
    wildcards: genome=mouse, sample=SRR13628278
    threads: 4
    resources: tmpdir=/tmp

Activating conda environment: ../../../../../home/luosg/miniconda3/envs/KARRseq
[Sun Apr 13 21:28:57 2025]
Finished job 3.
5 of 9 steps (56%) done
Select jobs to execute...
Execute 1 jobs...

[Sun Apr 13 21:28:57 2025]
localrule star_single_end_remove_duplicates:
    input: ../../output/chimeric/pairs/mouse/SRR13628279/SRR13628279.txt.gz
    output: ../../output/chimeric/pairs/mouse/SRR13628279/SRR13628279.dedup.txt.gz, ../../output/chimeric/pairs/mouse/SRR13628279/SRR13628279.dedup.bed, ../../output/chimeric/pairs/mouse/SRR13628279/SRR13628279.dedup.pairs.gz
    log: ../../output/log/mouse/SRR13628279/star_single_end_remove_duplicates.log
    jobid: 2
    reason: Missing output files: ../../output/chimeric/pairs/mouse/SRR13628279/SRR13628279.dedup.txt.gz; Input files updated by another job: ../../output/chimeric/pairs/mouse/SRR13628279/SRR13628279.txt.gz
    wildcards: genome=mouse, sample=SRR13628279
    resources: tmpdir=/tmp

Activating conda environment: ../../../../../home/luosg/miniconda3/envs/KARRseq
[Sun Apr 13 21:29:24 2025]
Finished job 5.
6 of 9 steps (67%) done
[Sun Apr 13 21:31:32 2025]
Finished job 2.
7 of 9 steps (78%) done
Select jobs to execute...
Execute 1 jobs...

[Sun Apr 13 21:31:32 2025]
localrule star_single_end_ligation:
    input: ../../output/chimeric/pairs/mouse/SRR13628279/SRR13628279.dedup.txt.gz
    output: ../../output/chimeric/inner/mouse/SRR13628279/SRR13628279.dedup.pairs.gz
    log: ../../output/log/mouse/SRR13628279/star_single_end_ligation.log
    jobid: 1
    reason: Missing output files: ../../output/chimeric/inner/mouse/SRR13628279/SRR13628279.dedup.pairs.gz; Input files updated by another job: ../../output/chimeric/pairs/mouse/SRR13628279/SRR13628279.dedup.txt.gz
    wildcards: genome=mouse, sample=SRR13628279
    threads: 4
    resources: tmpdir=/tmp

Activating conda environment: ../../../../../home/luosg/miniconda3/envs/KARRseq
[Sun Apr 13 21:32:57 2025]
Finished job 1.
8 of 9 steps (89%) done
Select jobs to execute...
Execute 1 jobs...

[Sun Apr 13 21:32:57 2025]
localrule targets_all:
    input: ../../output/chimeric/inner/mouse/SRR13628279/SRR13628279.dedup.pairs.gz, ../../output/chimeric/inner/mouse/SRR13628278/SRR13628278.dedup.pairs.gz
    jobid: 0
    reason: Input files updated by another job: ../../output/chimeric/inner/mouse/SRR13628278/SRR13628278.dedup.pairs.gz, ../../output/chimeric/inner/mouse/SRR13628279/SRR13628279.dedup.pairs.gz
    resources: tmpdir=/tmp

[Sun Apr 13 21:32:57 2025]
Finished job 0.
9 of 9 steps (100%) done
Complete log: .snakemake/log/2025-04-13T202335.778196.snakemake.log
