host: d419
Building DAG of jobs...
Using shell: /usr/bin/bash
Provided cores: 30
Rules claiming more threads will be scaled down.
Job stats:
job            count
-----------  -------
merge_fastq        2
targets_all        1
total              3

Select jobs to execute...
Execute 2 jobs...

[Sun Apr 13 00:33:19 2025]
localrule merge_fastq:
    input: ../../data/GSE166155/fq/SRR13628277_1.fastq.gz, ../../data/GSE166155/fq/SRR13628277_2.fastq.gz
    output: ../../output/merge/mouse/SRR13628277/SRR13628277_unmerge_1.fastq.gz, ../../output/merge/mouse/SRR13628277/SRR13628277_unmerge_2.fastq.gz, ../../output/merge/mouse/SRR13628277/SRR13628277_reject_1.fastq.gz, ../../output/merge/mouse/SRR13628277/SRR13628277_reject_2.fastq.gz, ../../output/merge/mouse/SRR13628277/SRR13628277_merge.fastq.gz, ../../output/merge/mouse/SRR13628277/SRR13628277_merge.report
    log: ../../output/log/mouse/SRR13628277/merge_fastq.log
    jobid: 1
    reason: Missing output files: ../../output/merge/mouse/SRR13628277/SRR13628277_merge.report; Code has changed since last execution
    wildcards: genome=mouse, sample=SRR13628277
    resources: tmpdir=/tmp

Activating conda environment: ../../../../../home/luosg/miniconda3/envs/KARRseq

[Sun Apr 13 00:33:20 2025]
localrule merge_fastq:
    input: ../../data/GSE166155/fq/SRR13628276_1.fastq.gz, ../../data/GSE166155/fq/SRR13628276_2.fastq.gz
    output: ../../output/merge/mouse/SRR13628276/SRR13628276_unmerge_1.fastq.gz, ../../output/merge/mouse/SRR13628276/SRR13628276_unmerge_2.fastq.gz, ../../output/merge/mouse/SRR13628276/SRR13628276_reject_1.fastq.gz, ../../output/merge/mouse/SRR13628276/SRR13628276_reject_2.fastq.gz, ../../output/merge/mouse/SRR13628276/SRR13628276_merge.fastq.gz, ../../output/merge/mouse/SRR13628276/SRR13628276_merge.report
    log: ../../output/log/mouse/SRR13628276/merge_fastq.log
    jobid: 2
    reason: Missing output files: ../../output/merge/mouse/SRR13628276/SRR13628276_merge.report; Code has changed since last execution
    wildcards: genome=mouse, sample=SRR13628276
    resources: tmpdir=/tmp

Activating conda environment: ../../../../../home/luosg/miniconda3/envs/KARRseq
[Sun Apr 13 04:39:40 2025]
Finished job 2.
1 of 3 steps (33%) done
[Sun Apr 13 06:00:28 2025]
Finished job 1.
2 of 3 steps (67%) done
Select jobs to execute...
Execute 1 jobs...

[Sun Apr 13 06:00:28 2025]
localrule targets_all:
    input: ../../output/merge/mouse/SRR13628277/SRR13628277_merge.report, ../../output/merge/mouse/SRR13628276/SRR13628276_merge.report
    jobid: 0
    reason: Input files updated by another job: ../../output/merge/mouse/SRR13628277/SRR13628277_merge.report, ../../output/merge/mouse/SRR13628276/SRR13628276_merge.report
    resources: tmpdir=/tmp

[Sun Apr 13 06:00:28 2025]
Finished job 0.
3 of 3 steps (100%) done
Complete log: .snakemake/log/2025-04-13T003319.438604.snakemake.log
