host: d419
Building DAG of jobs...
Using shell: /usr/bin/bash
Provided cores: 30
Rules claiming more threads will be scaled down.
Job stats:
job                                        count
---------------------------------------  -------
align_with_STAR                                2
merge_fastq                                    2
star_single_end_chimeric_reads_to_pairs        2
star_single_end_ligation                       2
star_single_end_remove_duplicates              2
targets_all                                    1
total                                         11

Select jobs to execute...
Execute 2 jobs...

[Sat Apr 12 09:49:35 2025]
localrule merge_fastq:
    input: ../../data/GSE166155/fq/SRR13628277_1.fastq.gz, ../../data/GSE166155/fq/SRR13628277_2.fastq.gz
    output: ../../output/merge/mouse/SRR13628277/SRR13628277_unmerge_1.fastq.gz, ../../output/merge/mouse/SRR13628277/SRR13628277_unmerge_2.fastq.gz, ../../output/merge/mouse/SRR13628277/SRR13628277_reject_1.fastq.gz, ../../output/merge/mouse/SRR13628277/SRR13628277_reject_2.fastq.gz, ../../output/merge/mouse/SRR13628277/SRR13628277_merge.fastq.gz
    log: ../../output/log/mouse/SRR13628277/merge_fastq.log
    jobid: 5
    reason: Missing output files: ../../output/merge/mouse/SRR13628277/SRR13628277_merge.fastq.gz
    wildcards: genome=mouse, sample=SRR13628277
    resources: tmpdir=/tmp

Activating conda environment: ../../../../../home/luosg/miniconda3/envs/KARRseq

[Sat Apr 12 09:49:36 2025]
localrule merge_fastq:
    input: ../../data/GSE166155/fq/SRR13628276_1.fastq.gz, ../../data/GSE166155/fq/SRR13628276_2.fastq.gz
    output: ../../output/merge/mouse/SRR13628276/SRR13628276_unmerge_1.fastq.gz, ../../output/merge/mouse/SRR13628276/SRR13628276_unmerge_2.fastq.gz, ../../output/merge/mouse/SRR13628276/SRR13628276_reject_1.fastq.gz, ../../output/merge/mouse/SRR13628276/SRR13628276_reject_2.fastq.gz, ../../output/merge/mouse/SRR13628276/SRR13628276_merge.fastq.gz
    log: ../../output/log/mouse/SRR13628276/merge_fastq.log
    jobid: 10
    reason: Missing output files: ../../output/merge/mouse/SRR13628276/SRR13628276_merge.fastq.gz
    wildcards: genome=mouse, sample=SRR13628276
    resources: tmpdir=/tmp

Activating conda environment: ../../../../../home/luosg/miniconda3/envs/KARRseq
[Sat Apr 12 14:01:41 2025]
Finished job 10.
1 of 11 steps (9%) done
Select jobs to execute...
Execute 1 jobs...

[Sat Apr 12 14:01:41 2025]
localrule align_with_STAR:
    input: ../../output/merge/mouse/SRR13628276/SRR13628276_merge.fastq.gz
    output: ../../output/bam/mouse/SRR13628276/SRR13628276_Aligned.sortedByCoord.out.bam, ../../output/bam/mouse/SRR13628276/SRR13628276_Chimeric.out.sam
    log: ../../output/log/mouse/SRR13628276/STAR.log
    jobid: 9
    reason: Missing output files: ../../output/bam/mouse/SRR13628276/SRR13628276_Aligned.sortedByCoord.out.bam, ../../output/bam/mouse/SRR13628276/SRR13628276_Chimeric.out.sam; Input files updated by another job: ../../output/merge/mouse/SRR13628276/SRR13628276_merge.fastq.gz
    wildcards: genome=mouse, sample=SRR13628276
    threads: 15
    resources: tmpdir=/tmp

[Sat Apr 12 14:01:41 2025]
Error in rule align_with_STAR:
    jobid: 9
    input: ../../output/merge/mouse/SRR13628276/SRR13628276_merge.fastq.gz
    output: ../../output/bam/mouse/SRR13628276/SRR13628276_Aligned.sortedByCoord.out.bam, ../../output/bam/mouse/SRR13628276/SRR13628276_Chimeric.out.sam
    log: ../../output/log/mouse/SRR13628276/STAR.log (check log file(s) for error details)
    shell:
        
        /opt/STAR-2.5.2a/bin/Linux_x86_64/STAR             --runMode alignReads             --runThreadN 15             --genomeDir /ChIP_seq_2/Data/index/Mus_musculus/GENCODE/GRCm39/star2.5.2a             --readFilesIn ../../output/merge/mouse/SRR13628276/SRR13628276_merge.fastq.gz             --readFilesCommand zcat             --outFileNamePrefix ../../output/bam/SRR13628276/SRR13628276_             --outReadsUnmapped Fastq             --outFilterMultimapNmax 100             --outSAMtype BAM SortedByCoordinate             --outSAMattributes All             --alignIntronMin 1             --scoreGapNoncan -4             --scoreGapATAC -4             --chimSegmentMin 15             --chimJunctionOverhangMin 15             --limitOutSJcollapsed 10000000             --limitIObufferSize 1500000000 > ../../output/log/mouse/SRR13628276/STAR.log
        samtools index ../../output/bam/mouse/SRR13628276/SRR13628276_Aligned.sortedByCoord.out.bam 2>> ../../output/log/mouse/SRR13628276/STAR.log
        
        (one of the commands exited with non-zero exit code; note that snakemake uses bash strict mode!)

[Sat Apr 12 15:19:02 2025]
Finished job 5.
2 of 11 steps (18%) done
Shutting down, this might take some time.
Exiting because a job execution failed. Look above for error message
Complete log: .snakemake/log/2025-04-12T094935.637216.snakemake.log
WorkflowError:
At least one job did not complete successfully.
